<?xml version="1.0" encoding="UTF-8"?>
<!-- Generated by org.testng.reporters.JUnitReportReporter -->
<testsuite hostname="DESKTOP-SP7C17C" failures="0" tests="1" name="RunJenkin.CreateJenkinTest" time="0.016" errors="0" timestamp="2022-09-30T17:41:33 IST" skipped="0">
  <testcase classname="RunJenkin.CreateJenkinTest" name="add" time="0.016"/>
  <system-out/>
</testsuite> <!-- RunJenkin.CreateJenkinTest -->
